[2024-08-14T12:09:30.404+0000] {processor.py:161} INFO - Started process (PID=44) to work on /home/airflow/.local/lib/python3.12/site-packages/airflow/example_dags/example_subdag_operator.py
[2024-08-14T12:09:30.406+0000] {processor.py:830} INFO - Processing file /home/airflow/.local/lib/python3.12/site-packages/airflow/example_dags/example_subdag_operator.py for tasks to queue
[2024-08-14T12:09:30.410+0000] {logging_mixin.py:188} INFO - [2024-08-14T12:09:30.410+0000] {dagbag.py:545} INFO - Filling up the DagBag from /home/airflow/.local/lib/python3.12/site-packages/airflow/example_dags/example_subdag_operator.py
[2024-08-14T12:09:30.480+0000] {processor.py:840} INFO - DAG(s) 'example_subdag_operator.section-1', 'example_subdag_operator.section-2', 'example_subdag_operator' retrieved from /home/airflow/.local/lib/python3.12/site-packages/airflow/example_dags/example_subdag_operator.py
[2024-08-14T12:09:30.915+0000] {logging_mixin.py:188} INFO - [2024-08-14T12:09:30.914+0000] {override.py:1858} INFO - Created Permission View: can read on DAG:example_subdag_operator
[2024-08-14T12:09:30.943+0000] {logging_mixin.py:188} INFO - [2024-08-14T12:09:30.941+0000] {override.py:1858} INFO - Created Permission View: can edit on DAG:example_subdag_operator
[2024-08-14T12:09:31.007+0000] {logging_mixin.py:188} INFO - [2024-08-14T12:09:31.006+0000] {override.py:1858} INFO - Created Permission View: can delete on DAG:example_subdag_operator
[2024-08-14T12:09:31.014+0000] {logging_mixin.py:188} INFO - [2024-08-14T12:09:31.014+0000] {dag.py:3089} INFO - Sync 3 DAGs
[2024-08-14T12:09:31.087+0000] {logging_mixin.py:188} INFO - [2024-08-14T12:09:31.083+0000] {dag.py:3111} INFO - Creating ORM DAG for example_subdag_operator.section-1
[2024-08-14T12:09:31.098+0000] {logging_mixin.py:188} INFO - [2024-08-14T12:09:31.098+0000] {dag.py:3111} INFO - Creating ORM DAG for example_subdag_operator.section-2
[2024-08-14T12:09:31.104+0000] {logging_mixin.py:188} INFO - [2024-08-14T12:09:31.104+0000] {dag.py:3111} INFO - Creating ORM DAG for example_subdag_operator
[2024-08-14T12:09:31.149+0000] {logging_mixin.py:188} INFO - [2024-08-14T12:09:31.148+0000] {dag.py:3947} INFO - Setting next_dagrun for example_subdag_operator to 2022-01-01 00:00:00+00:00, run_after=2022-01-01 00:00:00+00:00
[2024-08-14T12:09:31.152+0000] {logging_mixin.py:188} INFO - [2024-08-14T12:09:31.152+0000] {dag.py:3947} INFO - Setting next_dagrun for example_subdag_operator.section-1 to None, run_after=None
[2024-08-14T12:09:31.167+0000] {logging_mixin.py:188} INFO - [2024-08-14T12:09:31.164+0000] {dag.py:3947} INFO - Setting next_dagrun for example_subdag_operator.section-2 to None, run_after=None
[2024-08-14T12:09:31.251+0000] {logging_mixin.py:188} INFO - [2024-08-14T12:09:31.251+0000] {dag.py:3089} INFO - Sync 2 DAGs
[2024-08-14T12:09:31.347+0000] {logging_mixin.py:188} INFO - [2024-08-14T12:09:31.346+0000] {dag.py:3947} INFO - Setting next_dagrun for example_subdag_operator.section-1 to None, run_after=None
[2024-08-14T12:09:31.515+0000] {logging_mixin.py:188} INFO - [2024-08-14T12:09:31.502+0000] {dag.py:3947} INFO - Setting next_dagrun for example_subdag_operator.section-2 to None, run_after=None
[2024-08-14T12:09:31.771+0000] {processor.py:183} INFO - Processing /home/airflow/.local/lib/python3.12/site-packages/airflow/example_dags/example_subdag_operator.py took 1.382 seconds
[2024-08-14T12:10:02.648+0000] {processor.py:161} INFO - Started process (PID=102) to work on /home/airflow/.local/lib/python3.12/site-packages/airflow/example_dags/example_subdag_operator.py
[2024-08-14T12:10:02.653+0000] {processor.py:830} INFO - Processing file /home/airflow/.local/lib/python3.12/site-packages/airflow/example_dags/example_subdag_operator.py for tasks to queue
[2024-08-14T12:10:02.657+0000] {logging_mixin.py:188} INFO - [2024-08-14T12:10:02.656+0000] {dagbag.py:545} INFO - Filling up the DagBag from /home/airflow/.local/lib/python3.12/site-packages/airflow/example_dags/example_subdag_operator.py
[2024-08-14T12:10:02.738+0000] {processor.py:840} INFO - DAG(s) 'example_subdag_operator.section-1', 'example_subdag_operator.section-2', 'example_subdag_operator' retrieved from /home/airflow/.local/lib/python3.12/site-packages/airflow/example_dags/example_subdag_operator.py
[2024-08-14T12:10:02.779+0000] {logging_mixin.py:188} INFO - [2024-08-14T12:10:02.779+0000] {dag.py:3089} INFO - Sync 3 DAGs
[2024-08-14T12:10:02.833+0000] {logging_mixin.py:188} INFO - [2024-08-14T12:10:02.832+0000] {dag.py:3947} INFO - Setting next_dagrun for example_subdag_operator to 2022-01-01 00:00:00+00:00, run_after=2022-01-01 00:00:00+00:00
[2024-08-14T12:10:02.840+0000] {logging_mixin.py:188} INFO - [2024-08-14T12:10:02.839+0000] {dag.py:3947} INFO - Setting next_dagrun for example_subdag_operator.section-1 to None, run_after=None
[2024-08-14T12:10:02.843+0000] {logging_mixin.py:188} INFO - [2024-08-14T12:10:02.843+0000] {dag.py:3947} INFO - Setting next_dagrun for example_subdag_operator.section-2 to None, run_after=None
[2024-08-14T12:10:02.858+0000] {logging_mixin.py:188} INFO - [2024-08-14T12:10:02.858+0000] {dag.py:3089} INFO - Sync 2 DAGs
[2024-08-14T12:10:02.865+0000] {logging_mixin.py:188} INFO - [2024-08-14T12:10:02.865+0000] {dag.py:3947} INFO - Setting next_dagrun for example_subdag_operator.section-1 to None, run_after=None
[2024-08-14T12:10:02.866+0000] {logging_mixin.py:188} INFO - [2024-08-14T12:10:02.866+0000] {dag.py:3947} INFO - Setting next_dagrun for example_subdag_operator.section-2 to None, run_after=None
[2024-08-14T12:10:02.908+0000] {processor.py:183} INFO - Processing /home/airflow/.local/lib/python3.12/site-packages/airflow/example_dags/example_subdag_operator.py took 0.272 seconds
