[2024-08-14T12:09:37.183+0000] {processor.py:161} INFO - Started process (PID=55) to work on /home/airflow/.local/lib/python3.12/site-packages/airflow/example_dags/example_xcomargs.py
[2024-08-14T12:09:37.185+0000] {processor.py:830} INFO - Processing file /home/airflow/.local/lib/python3.12/site-packages/airflow/example_dags/example_xcomargs.py for tasks to queue
[2024-08-14T12:09:37.188+0000] {logging_mixin.py:188} INFO - [2024-08-14T12:09:37.188+0000] {dagbag.py:545} INFO - Filling up the DagBag from /home/airflow/.local/lib/python3.12/site-packages/airflow/example_dags/example_xcomargs.py
[2024-08-14T12:09:37.201+0000] {processor.py:840} INFO - DAG(s) 'example_xcom_args_with_operators', 'example_xcom_args' retrieved from /home/airflow/.local/lib/python3.12/site-packages/airflow/example_dags/example_xcomargs.py
[2024-08-14T12:09:37.373+0000] {logging_mixin.py:188} INFO - [2024-08-14T12:09:37.372+0000] {override.py:1858} INFO - Created Permission View: can read on DAG:example_xcom_args_with_operators
[2024-08-14T12:09:37.409+0000] {logging_mixin.py:188} INFO - [2024-08-14T12:09:37.409+0000] {override.py:1858} INFO - Created Permission View: can edit on DAG:example_xcom_args_with_operators
[2024-08-14T12:09:37.443+0000] {logging_mixin.py:188} INFO - [2024-08-14T12:09:37.442+0000] {override.py:1858} INFO - Created Permission View: can delete on DAG:example_xcom_args_with_operators
[2024-08-14T12:09:37.496+0000] {logging_mixin.py:188} INFO - [2024-08-14T12:09:37.495+0000] {override.py:1858} INFO - Created Permission View: can read on DAG:example_xcom_args
[2024-08-14T12:09:37.519+0000] {logging_mixin.py:188} INFO - [2024-08-14T12:09:37.518+0000] {override.py:1858} INFO - Created Permission View: can edit on DAG:example_xcom_args
[2024-08-14T12:09:37.551+0000] {logging_mixin.py:188} INFO - [2024-08-14T12:09:37.551+0000] {override.py:1858} INFO - Created Permission View: can delete on DAG:example_xcom_args
[2024-08-14T12:09:37.552+0000] {logging_mixin.py:188} INFO - [2024-08-14T12:09:37.552+0000] {dag.py:3089} INFO - Sync 2 DAGs
[2024-08-14T12:09:37.572+0000] {logging_mixin.py:188} INFO - [2024-08-14T12:09:37.572+0000] {dag.py:3111} INFO - Creating ORM DAG for example_xcom_args
[2024-08-14T12:09:37.575+0000] {logging_mixin.py:188} INFO - [2024-08-14T12:09:37.574+0000] {dag.py:3111} INFO - Creating ORM DAG for example_xcom_args_with_operators
[2024-08-14T12:09:37.577+0000] {logging_mixin.py:188} INFO - [2024-08-14T12:09:37.576+0000] {dag.py:3947} INFO - Setting next_dagrun for example_xcom_args to None, run_after=None
[2024-08-14T12:09:37.578+0000] {logging_mixin.py:188} INFO - [2024-08-14T12:09:37.578+0000] {dag.py:3947} INFO - Setting next_dagrun for example_xcom_args_with_operators to None, run_after=None
[2024-08-14T12:09:37.604+0000] {processor.py:183} INFO - Processing /home/airflow/.local/lib/python3.12/site-packages/airflow/example_dags/example_xcomargs.py took 0.427 seconds
[2024-08-14T12:10:07.660+0000] {processor.py:161} INFO - Started process (PID=112) to work on /home/airflow/.local/lib/python3.12/site-packages/airflow/example_dags/example_xcomargs.py
[2024-08-14T12:10:07.661+0000] {processor.py:830} INFO - Processing file /home/airflow/.local/lib/python3.12/site-packages/airflow/example_dags/example_xcomargs.py for tasks to queue
[2024-08-14T12:10:07.662+0000] {logging_mixin.py:188} INFO - [2024-08-14T12:10:07.662+0000] {dagbag.py:545} INFO - Filling up the DagBag from /home/airflow/.local/lib/python3.12/site-packages/airflow/example_dags/example_xcomargs.py
[2024-08-14T12:10:07.668+0000] {processor.py:840} INFO - DAG(s) 'example_xcom_args', 'example_xcom_args_with_operators' retrieved from /home/airflow/.local/lib/python3.12/site-packages/airflow/example_dags/example_xcomargs.py
[2024-08-14T12:10:07.683+0000] {logging_mixin.py:188} INFO - [2024-08-14T12:10:07.683+0000] {dag.py:3089} INFO - Sync 2 DAGs
[2024-08-14T12:10:07.692+0000] {logging_mixin.py:188} INFO - [2024-08-14T12:10:07.692+0000] {dag.py:3947} INFO - Setting next_dagrun for example_xcom_args to None, run_after=None
[2024-08-14T12:10:07.694+0000] {logging_mixin.py:188} INFO - [2024-08-14T12:10:07.694+0000] {dag.py:3947} INFO - Setting next_dagrun for example_xcom_args_with_operators to None, run_after=None
[2024-08-14T12:10:07.704+0000] {processor.py:183} INFO - Processing /home/airflow/.local/lib/python3.12/site-packages/airflow/example_dags/example_xcomargs.py took 0.049 seconds
