[2024-08-14T12:09:19.146+0000] {processor.py:161} INFO - Started process (PID=31) to work on /home/airflow/.local/lib/python3.12/site-packages/airflow/example_dags/example_external_task_marker_dag.py
[2024-08-14T12:09:19.190+0000] {processor.py:830} INFO - Processing file /home/airflow/.local/lib/python3.12/site-packages/airflow/example_dags/example_external_task_marker_dag.py for tasks to queue
[2024-08-14T12:09:19.197+0000] {logging_mixin.py:188} INFO - [2024-08-14T12:09:19.194+0000] {dagbag.py:545} INFO - Filling up the DagBag from /home/airflow/.local/lib/python3.12/site-packages/airflow/example_dags/example_external_task_marker_dag.py
[2024-08-14T12:09:19.416+0000] {processor.py:840} INFO - DAG(s) 'example_external_task_marker_parent', 'example_external_task_marker_child' retrieved from /home/airflow/.local/lib/python3.12/site-packages/airflow/example_dags/example_external_task_marker_dag.py
[2024-08-14T12:09:20.318+0000] {logging_mixin.py:188} INFO - [2024-08-14T12:09:20.313+0000] {override.py:1858} INFO - Created Permission View: can read on DAG:example_external_task_marker_parent
[2024-08-14T12:09:20.376+0000] {logging_mixin.py:188} INFO - [2024-08-14T12:09:20.376+0000] {override.py:1858} INFO - Created Permission View: can edit on DAG:example_external_task_marker_parent
[2024-08-14T12:09:20.426+0000] {logging_mixin.py:188} INFO - [2024-08-14T12:09:20.425+0000] {override.py:1858} INFO - Created Permission View: can delete on DAG:example_external_task_marker_parent
[2024-08-14T12:09:20.502+0000] {logging_mixin.py:188} INFO - [2024-08-14T12:09:20.502+0000] {override.py:1858} INFO - Created Permission View: can read on DAG:example_external_task_marker_child
[2024-08-14T12:09:20.565+0000] {logging_mixin.py:188} INFO - [2024-08-14T12:09:20.564+0000] {override.py:1858} INFO - Created Permission View: can edit on DAG:example_external_task_marker_child
[2024-08-14T12:09:20.608+0000] {logging_mixin.py:188} INFO - [2024-08-14T12:09:20.607+0000] {override.py:1858} INFO - Created Permission View: can delete on DAG:example_external_task_marker_child
[2024-08-14T12:09:20.610+0000] {logging_mixin.py:188} INFO - [2024-08-14T12:09:20.610+0000] {dag.py:3089} INFO - Sync 2 DAGs
[2024-08-14T12:09:20.793+0000] {logging_mixin.py:188} INFO - [2024-08-14T12:09:20.793+0000] {dag.py:3111} INFO - Creating ORM DAG for example_external_task_marker_parent
[2024-08-14T12:09:20.816+0000] {logging_mixin.py:188} INFO - [2024-08-14T12:09:20.809+0000] {dag.py:3111} INFO - Creating ORM DAG for example_external_task_marker_child
[2024-08-14T12:09:20.829+0000] {logging_mixin.py:188} INFO - [2024-08-14T12:09:20.829+0000] {dag.py:3947} INFO - Setting next_dagrun for example_external_task_marker_child to None, run_after=None
[2024-08-14T12:09:20.835+0000] {logging_mixin.py:188} INFO - [2024-08-14T12:09:20.835+0000] {dag.py:3947} INFO - Setting next_dagrun for example_external_task_marker_parent to None, run_after=None
[2024-08-14T12:09:21.029+0000] {processor.py:183} INFO - Processing /home/airflow/.local/lib/python3.12/site-packages/airflow/example_dags/example_external_task_marker_dag.py took 1.973 seconds
[2024-08-14T12:09:51.567+0000] {processor.py:161} INFO - Started process (PID=89) to work on /home/airflow/.local/lib/python3.12/site-packages/airflow/example_dags/example_external_task_marker_dag.py
[2024-08-14T12:09:51.578+0000] {processor.py:830} INFO - Processing file /home/airflow/.local/lib/python3.12/site-packages/airflow/example_dags/example_external_task_marker_dag.py for tasks to queue
[2024-08-14T12:09:51.619+0000] {logging_mixin.py:188} INFO - [2024-08-14T12:09:51.617+0000] {dagbag.py:545} INFO - Filling up the DagBag from /home/airflow/.local/lib/python3.12/site-packages/airflow/example_dags/example_external_task_marker_dag.py
[2024-08-14T12:09:51.674+0000] {processor.py:840} INFO - DAG(s) 'example_external_task_marker_child', 'example_external_task_marker_parent' retrieved from /home/airflow/.local/lib/python3.12/site-packages/airflow/example_dags/example_external_task_marker_dag.py
[2024-08-14T12:09:51.773+0000] {logging_mixin.py:188} INFO - [2024-08-14T12:09:51.773+0000] {dag.py:3089} INFO - Sync 2 DAGs
[2024-08-14T12:09:51.813+0000] {logging_mixin.py:188} INFO - [2024-08-14T12:09:51.812+0000] {dag.py:3947} INFO - Setting next_dagrun for example_external_task_marker_child to None, run_after=None
[2024-08-14T12:09:51.823+0000] {logging_mixin.py:188} INFO - [2024-08-14T12:09:51.823+0000] {dag.py:3947} INFO - Setting next_dagrun for example_external_task_marker_parent to None, run_after=None
[2024-08-14T12:09:51.889+0000] {processor.py:183} INFO - Processing /home/airflow/.local/lib/python3.12/site-packages/airflow/example_dags/example_external_task_marker_dag.py took 0.341 seconds
