[2024-08-14T12:09:24.277+0000] {processor.py:161} INFO - Started process (PID=38) to work on /home/airflow/.local/lib/python3.12/site-packages/airflow/example_dags/example_datasets.py
[2024-08-14T12:09:24.283+0000] {processor.py:830} INFO - Processing file /home/airflow/.local/lib/python3.12/site-packages/airflow/example_dags/example_datasets.py for tasks to queue
[2024-08-14T12:09:24.323+0000] {logging_mixin.py:188} INFO - [2024-08-14T12:09:24.321+0000] {dagbag.py:545} INFO - Filling up the DagBag from /home/airflow/.local/lib/python3.12/site-packages/airflow/example_dags/example_datasets.py
[2024-08-14T12:09:24.530+0000] {processor.py:840} INFO - DAG(s) 'dataset_produces_1', 'dataset_consumes_1_and_2', 'consume_1_and_2_with_dataset_expressions', 'conditional_dataset_and_time_based_timetable', 'consume_1_or_both_2_and_3_with_dataset_expressions', 'dataset_consumes_1', 'dataset_consumes_1_never_scheduled', 'dataset_produces_2', 'dataset_consumes_unknown_never_scheduled', 'consume_1_or_2_with_dataset_expressions' retrieved from /home/airflow/.local/lib/python3.12/site-packages/airflow/example_dags/example_datasets.py
[2024-08-14T12:09:25.180+0000] {logging_mixin.py:188} INFO - [2024-08-14T12:09:25.179+0000] {override.py:1858} INFO - Created Permission View: can read on DAG:dataset_produces_1
[2024-08-14T12:09:25.293+0000] {logging_mixin.py:188} INFO - [2024-08-14T12:09:25.277+0000] {override.py:1858} INFO - Created Permission View: can edit on DAG:dataset_produces_1
[2024-08-14T12:09:25.372+0000] {logging_mixin.py:188} INFO - [2024-08-14T12:09:25.364+0000] {override.py:1858} INFO - Created Permission View: can delete on DAG:dataset_produces_1
[2024-08-14T12:09:25.498+0000] {logging_mixin.py:188} INFO - [2024-08-14T12:09:25.497+0000] {override.py:1858} INFO - Created Permission View: can read on DAG:dataset_consumes_1_and_2
[2024-08-14T12:09:25.534+0000] {logging_mixin.py:188} INFO - [2024-08-14T12:09:25.533+0000] {override.py:1858} INFO - Created Permission View: can edit on DAG:dataset_consumes_1_and_2
[2024-08-14T12:09:25.617+0000] {logging_mixin.py:188} INFO - [2024-08-14T12:09:25.616+0000] {override.py:1858} INFO - Created Permission View: can delete on DAG:dataset_consumes_1_and_2
[2024-08-14T12:09:25.665+0000] {logging_mixin.py:188} INFO - [2024-08-14T12:09:25.662+0000] {override.py:1858} INFO - Created Permission View: can read on DAG:consume_1_and_2_with_dataset_expressions
[2024-08-14T12:09:25.697+0000] {logging_mixin.py:188} INFO - [2024-08-14T12:09:25.692+0000] {override.py:1858} INFO - Created Permission View: can edit on DAG:consume_1_and_2_with_dataset_expressions
[2024-08-14T12:09:25.717+0000] {logging_mixin.py:188} INFO - [2024-08-14T12:09:25.716+0000] {override.py:1858} INFO - Created Permission View: can delete on DAG:consume_1_and_2_with_dataset_expressions
[2024-08-14T12:09:25.766+0000] {logging_mixin.py:188} INFO - [2024-08-14T12:09:25.765+0000] {override.py:1858} INFO - Created Permission View: can read on DAG:conditional_dataset_and_time_based_timetable
[2024-08-14T12:09:25.793+0000] {logging_mixin.py:188} INFO - [2024-08-14T12:09:25.792+0000] {override.py:1858} INFO - Created Permission View: can edit on DAG:conditional_dataset_and_time_based_timetable
[2024-08-14T12:09:25.839+0000] {logging_mixin.py:188} INFO - [2024-08-14T12:09:25.837+0000] {override.py:1858} INFO - Created Permission View: can delete on DAG:conditional_dataset_and_time_based_timetable
[2024-08-14T12:09:25.946+0000] {logging_mixin.py:188} INFO - [2024-08-14T12:09:25.943+0000] {override.py:1858} INFO - Created Permission View: can read on DAG:consume_1_or_both_2_and_3_with_dataset_expressions
[2024-08-14T12:09:25.977+0000] {logging_mixin.py:188} INFO - [2024-08-14T12:09:25.977+0000] {override.py:1858} INFO - Created Permission View: can edit on DAG:consume_1_or_both_2_and_3_with_dataset_expressions
[2024-08-14T12:09:26.023+0000] {logging_mixin.py:188} INFO - [2024-08-14T12:09:26.022+0000] {override.py:1858} INFO - Created Permission View: can delete on DAG:consume_1_or_both_2_and_3_with_dataset_expressions
[2024-08-14T12:09:26.627+0000] {logging_mixin.py:188} INFO - [2024-08-14T12:09:26.594+0000] {override.py:1858} INFO - Created Permission View: can read on DAG:dataset_consumes_1
[2024-08-14T12:09:26.846+0000] {logging_mixin.py:188} INFO - [2024-08-14T12:09:26.844+0000] {override.py:1858} INFO - Created Permission View: can edit on DAG:dataset_consumes_1
[2024-08-14T12:09:26.958+0000] {logging_mixin.py:188} INFO - [2024-08-14T12:09:26.953+0000] {override.py:1858} INFO - Created Permission View: can delete on DAG:dataset_consumes_1
[2024-08-14T12:09:27.000+0000] {logging_mixin.py:188} INFO - [2024-08-14T12:09:26.999+0000] {override.py:1858} INFO - Created Permission View: can read on DAG:dataset_consumes_1_never_scheduled
[2024-08-14T12:09:27.006+0000] {logging_mixin.py:188} INFO - [2024-08-14T12:09:27.005+0000] {override.py:1858} INFO - Created Permission View: can edit on DAG:dataset_consumes_1_never_scheduled
[2024-08-14T12:09:27.016+0000] {logging_mixin.py:188} INFO - [2024-08-14T12:09:27.016+0000] {override.py:1858} INFO - Created Permission View: can delete on DAG:dataset_consumes_1_never_scheduled
[2024-08-14T12:09:27.031+0000] {logging_mixin.py:188} INFO - [2024-08-14T12:09:27.029+0000] {override.py:1858} INFO - Created Permission View: can read on DAG:dataset_produces_2
[2024-08-14T12:09:27.045+0000] {logging_mixin.py:188} INFO - [2024-08-14T12:09:27.044+0000] {override.py:1858} INFO - Created Permission View: can edit on DAG:dataset_produces_2
[2024-08-14T12:09:27.059+0000] {logging_mixin.py:188} INFO - [2024-08-14T12:09:27.059+0000] {override.py:1858} INFO - Created Permission View: can delete on DAG:dataset_produces_2
[2024-08-14T12:09:27.091+0000] {logging_mixin.py:188} INFO - [2024-08-14T12:09:27.090+0000] {override.py:1858} INFO - Created Permission View: can read on DAG:dataset_consumes_unknown_never_scheduled
[2024-08-14T12:09:27.100+0000] {logging_mixin.py:188} INFO - [2024-08-14T12:09:27.099+0000] {override.py:1858} INFO - Created Permission View: can edit on DAG:dataset_consumes_unknown_never_scheduled
[2024-08-14T12:09:27.108+0000] {logging_mixin.py:188} INFO - [2024-08-14T12:09:27.107+0000] {override.py:1858} INFO - Created Permission View: can delete on DAG:dataset_consumes_unknown_never_scheduled
[2024-08-14T12:09:27.239+0000] {logging_mixin.py:188} INFO - [2024-08-14T12:09:27.239+0000] {override.py:1858} INFO - Created Permission View: can read on DAG:consume_1_or_2_with_dataset_expressions
[2024-08-14T12:09:27.366+0000] {logging_mixin.py:188} INFO - [2024-08-14T12:09:27.365+0000] {override.py:1858} INFO - Created Permission View: can edit on DAG:consume_1_or_2_with_dataset_expressions
[2024-08-14T12:09:27.448+0000] {logging_mixin.py:188} INFO - [2024-08-14T12:09:27.448+0000] {override.py:1858} INFO - Created Permission View: can delete on DAG:consume_1_or_2_with_dataset_expressions
[2024-08-14T12:09:27.458+0000] {logging_mixin.py:188} INFO - [2024-08-14T12:09:27.457+0000] {dag.py:3089} INFO - Sync 10 DAGs
[2024-08-14T12:09:27.519+0000] {logging_mixin.py:188} INFO - [2024-08-14T12:09:27.518+0000] {dag.py:3111} INFO - Creating ORM DAG for dataset_produces_1
[2024-08-14T12:09:27.555+0000] {logging_mixin.py:188} INFO - [2024-08-14T12:09:27.554+0000] {dag.py:3111} INFO - Creating ORM DAG for consume_1_or_2_with_dataset_expressions
[2024-08-14T12:09:27.574+0000] {logging_mixin.py:188} INFO - [2024-08-14T12:09:27.573+0000] {dag.py:3111} INFO - Creating ORM DAG for dataset_consumes_1
[2024-08-14T12:09:27.588+0000] {logging_mixin.py:188} INFO - [2024-08-14T12:09:27.588+0000] {dag.py:3111} INFO - Creating ORM DAG for dataset_consumes_1_never_scheduled
[2024-08-14T12:09:27.590+0000] {logging_mixin.py:188} INFO - [2024-08-14T12:09:27.590+0000] {dag.py:3111} INFO - Creating ORM DAG for conditional_dataset_and_time_based_timetable
[2024-08-14T12:09:27.593+0000] {logging_mixin.py:188} INFO - [2024-08-14T12:09:27.592+0000] {dag.py:3111} INFO - Creating ORM DAG for dataset_consumes_1_and_2
[2024-08-14T12:09:27.598+0000] {logging_mixin.py:188} INFO - [2024-08-14T12:09:27.598+0000] {dag.py:3111} INFO - Creating ORM DAG for consume_1_and_2_with_dataset_expressions
[2024-08-14T12:09:27.604+0000] {logging_mixin.py:188} INFO - [2024-08-14T12:09:27.604+0000] {dag.py:3111} INFO - Creating ORM DAG for dataset_consumes_unknown_never_scheduled
[2024-08-14T12:09:27.606+0000] {logging_mixin.py:188} INFO - [2024-08-14T12:09:27.606+0000] {dag.py:3111} INFO - Creating ORM DAG for consume_1_or_both_2_and_3_with_dataset_expressions
[2024-08-14T12:09:27.609+0000] {logging_mixin.py:188} INFO - [2024-08-14T12:09:27.608+0000] {dag.py:3111} INFO - Creating ORM DAG for dataset_produces_2
[2024-08-14T12:09:27.677+0000] {logging_mixin.py:188} INFO - [2024-08-14T12:09:27.675+0000] {dag.py:3947} INFO - Setting next_dagrun for conditional_dataset_and_time_based_timetable to 2024-08-14 01:00:00+00:00, run_after=2024-08-14 01:00:00+00:00
[2024-08-14T12:09:27.678+0000] {logging_mixin.py:188} INFO - [2024-08-14T12:09:27.678+0000] {dag.py:3947} INFO - Setting next_dagrun for consume_1_and_2_with_dataset_expressions to None, run_after=None
[2024-08-14T12:09:27.682+0000] {logging_mixin.py:188} INFO - [2024-08-14T12:09:27.682+0000] {dag.py:3947} INFO - Setting next_dagrun for consume_1_or_2_with_dataset_expressions to None, run_after=None
[2024-08-14T12:09:27.684+0000] {logging_mixin.py:188} INFO - [2024-08-14T12:09:27.684+0000] {dag.py:3947} INFO - Setting next_dagrun for consume_1_or_both_2_and_3_with_dataset_expressions to None, run_after=None
[2024-08-14T12:09:27.689+0000] {logging_mixin.py:188} INFO - [2024-08-14T12:09:27.688+0000] {dag.py:3947} INFO - Setting next_dagrun for dataset_consumes_1 to None, run_after=None
[2024-08-14T12:09:27.691+0000] {logging_mixin.py:188} INFO - [2024-08-14T12:09:27.691+0000] {dag.py:3947} INFO - Setting next_dagrun for dataset_consumes_1_and_2 to None, run_after=None
[2024-08-14T12:09:27.695+0000] {logging_mixin.py:188} INFO - [2024-08-14T12:09:27.695+0000] {dag.py:3947} INFO - Setting next_dagrun for dataset_consumes_1_never_scheduled to None, run_after=None
[2024-08-14T12:09:27.697+0000] {logging_mixin.py:188} INFO - [2024-08-14T12:09:27.697+0000] {dag.py:3947} INFO - Setting next_dagrun for dataset_consumes_unknown_never_scheduled to None, run_after=None
[2024-08-14T12:09:27.699+0000] {logging_mixin.py:188} INFO - [2024-08-14T12:09:27.699+0000] {dag.py:3947} INFO - Setting next_dagrun for dataset_produces_1 to 2024-08-13 00:00:00+00:00, run_after=2024-08-14 00:00:00+00:00
[2024-08-14T12:09:27.708+0000] {logging_mixin.py:188} INFO - [2024-08-14T12:09:27.708+0000] {dag.py:3947} INFO - Setting next_dagrun for dataset_produces_2 to None, run_after=None
[2024-08-14T12:09:27.889+0000] {processor.py:183} INFO - Processing /home/airflow/.local/lib/python3.12/site-packages/airflow/example_dags/example_datasets.py took 3.695 seconds
[2024-08-14T12:09:58.567+0000] {processor.py:161} INFO - Started process (PID=96) to work on /home/airflow/.local/lib/python3.12/site-packages/airflow/example_dags/example_datasets.py
[2024-08-14T12:09:58.571+0000] {processor.py:830} INFO - Processing file /home/airflow/.local/lib/python3.12/site-packages/airflow/example_dags/example_datasets.py for tasks to queue
[2024-08-14T12:09:58.579+0000] {logging_mixin.py:188} INFO - [2024-08-14T12:09:58.579+0000] {dagbag.py:545} INFO - Filling up the DagBag from /home/airflow/.local/lib/python3.12/site-packages/airflow/example_dags/example_datasets.py
[2024-08-14T12:09:58.634+0000] {processor.py:840} INFO - DAG(s) 'conditional_dataset_and_time_based_timetable', 'consume_1_and_2_with_dataset_expressions', 'consume_1_or_2_with_dataset_expressions', 'dataset_consumes_unknown_never_scheduled', 'dataset_consumes_1_and_2', 'dataset_produces_1', 'dataset_consumes_1', 'dataset_produces_2', 'dataset_consumes_1_never_scheduled', 'consume_1_or_both_2_and_3_with_dataset_expressions' retrieved from /home/airflow/.local/lib/python3.12/site-packages/airflow/example_dags/example_datasets.py
[2024-08-14T12:09:58.677+0000] {logging_mixin.py:188} INFO - [2024-08-14T12:09:58.677+0000] {dag.py:3089} INFO - Sync 10 DAGs
[2024-08-14T12:09:58.715+0000] {logging_mixin.py:188} INFO - [2024-08-14T12:09:58.715+0000] {dag.py:3947} INFO - Setting next_dagrun for conditional_dataset_and_time_based_timetable to 2024-08-14 01:00:00+00:00, run_after=2024-08-14 01:00:00+00:00
[2024-08-14T12:09:58.728+0000] {logging_mixin.py:188} INFO - [2024-08-14T12:09:58.728+0000] {dag.py:3947} INFO - Setting next_dagrun for consume_1_and_2_with_dataset_expressions to None, run_after=None
[2024-08-14T12:09:58.730+0000] {logging_mixin.py:188} INFO - [2024-08-14T12:09:58.729+0000] {dag.py:3947} INFO - Setting next_dagrun for consume_1_or_2_with_dataset_expressions to None, run_after=None
[2024-08-14T12:09:58.731+0000] {logging_mixin.py:188} INFO - [2024-08-14T12:09:58.731+0000] {dag.py:3947} INFO - Setting next_dagrun for consume_1_or_both_2_and_3_with_dataset_expressions to None, run_after=None
[2024-08-14T12:09:58.732+0000] {logging_mixin.py:188} INFO - [2024-08-14T12:09:58.732+0000] {dag.py:3947} INFO - Setting next_dagrun for dataset_consumes_1 to None, run_after=None
[2024-08-14T12:09:58.733+0000] {logging_mixin.py:188} INFO - [2024-08-14T12:09:58.733+0000] {dag.py:3947} INFO - Setting next_dagrun for dataset_consumes_1_and_2 to None, run_after=None
[2024-08-14T12:09:58.734+0000] {logging_mixin.py:188} INFO - [2024-08-14T12:09:58.734+0000] {dag.py:3947} INFO - Setting next_dagrun for dataset_consumes_1_never_scheduled to None, run_after=None
[2024-08-14T12:09:58.735+0000] {logging_mixin.py:188} INFO - [2024-08-14T12:09:58.735+0000] {dag.py:3947} INFO - Setting next_dagrun for dataset_consumes_unknown_never_scheduled to None, run_after=None
[2024-08-14T12:09:58.737+0000] {logging_mixin.py:188} INFO - [2024-08-14T12:09:58.737+0000] {dag.py:3947} INFO - Setting next_dagrun for dataset_produces_1 to 2024-08-13 00:00:00+00:00, run_after=2024-08-14 00:00:00+00:00
[2024-08-14T12:09:58.738+0000] {logging_mixin.py:188} INFO - [2024-08-14T12:09:58.738+0000] {dag.py:3947} INFO - Setting next_dagrun for dataset_produces_2 to None, run_after=None
[2024-08-14T12:09:58.757+0000] {processor.py:183} INFO - Processing /home/airflow/.local/lib/python3.12/site-packages/airflow/example_dags/example_datasets.py took 0.219 seconds
