[2024-08-14T12:09:43.782+0000] {processor.py:161} INFO - Started process (PID=75) to work on /home/airflow/.local/lib/python3.12/site-packages/airflow/example_dags/example_branch_datetime_operator.py
[2024-08-14T12:09:43.784+0000] {processor.py:830} INFO - Processing file /home/airflow/.local/lib/python3.12/site-packages/airflow/example_dags/example_branch_datetime_operator.py for tasks to queue
[2024-08-14T12:09:43.787+0000] {logging_mixin.py:188} INFO - [2024-08-14T12:09:43.787+0000] {dagbag.py:545} INFO - Filling up the DagBag from /home/airflow/.local/lib/python3.12/site-packages/airflow/example_dags/example_branch_datetime_operator.py
[2024-08-14T12:09:43.799+0000] {processor.py:840} INFO - DAG(s) 'example_branch_datetime_operator', 'example_branch_datetime_operator_2', 'example_branch_datetime_operator_3' retrieved from /home/airflow/.local/lib/python3.12/site-packages/airflow/example_dags/example_branch_datetime_operator.py
[2024-08-14T12:09:43.880+0000] {logging_mixin.py:188} INFO - [2024-08-14T12:09:43.879+0000] {override.py:1858} INFO - Created Permission View: can read on DAG:example_branch_datetime_operator
[2024-08-14T12:09:43.889+0000] {logging_mixin.py:188} INFO - [2024-08-14T12:09:43.889+0000] {override.py:1858} INFO - Created Permission View: can edit on DAG:example_branch_datetime_operator
[2024-08-14T12:09:43.893+0000] {logging_mixin.py:188} INFO - [2024-08-14T12:09:43.893+0000] {override.py:1858} INFO - Created Permission View: can delete on DAG:example_branch_datetime_operator
[2024-08-14T12:09:43.902+0000] {logging_mixin.py:188} INFO - [2024-08-14T12:09:43.902+0000] {override.py:1858} INFO - Created Permission View: can read on DAG:example_branch_datetime_operator_2
[2024-08-14T12:09:43.908+0000] {logging_mixin.py:188} INFO - [2024-08-14T12:09:43.907+0000] {override.py:1858} INFO - Created Permission View: can edit on DAG:example_branch_datetime_operator_2
[2024-08-14T12:09:43.912+0000] {logging_mixin.py:188} INFO - [2024-08-14T12:09:43.912+0000] {override.py:1858} INFO - Created Permission View: can delete on DAG:example_branch_datetime_operator_2
[2024-08-14T12:09:43.922+0000] {logging_mixin.py:188} INFO - [2024-08-14T12:09:43.922+0000] {override.py:1858} INFO - Created Permission View: can read on DAG:example_branch_datetime_operator_3
[2024-08-14T12:09:43.926+0000] {logging_mixin.py:188} INFO - [2024-08-14T12:09:43.926+0000] {override.py:1858} INFO - Created Permission View: can edit on DAG:example_branch_datetime_operator_3
[2024-08-14T12:09:43.931+0000] {logging_mixin.py:188} INFO - [2024-08-14T12:09:43.930+0000] {override.py:1858} INFO - Created Permission View: can delete on DAG:example_branch_datetime_operator_3
[2024-08-14T12:09:43.932+0000] {logging_mixin.py:188} INFO - [2024-08-14T12:09:43.931+0000] {dag.py:3089} INFO - Sync 3 DAGs
[2024-08-14T12:09:43.939+0000] {logging_mixin.py:188} INFO - [2024-08-14T12:09:43.939+0000] {dag.py:3111} INFO - Creating ORM DAG for example_branch_datetime_operator_3
[2024-08-14T12:09:43.940+0000] {logging_mixin.py:188} INFO - [2024-08-14T12:09:43.940+0000] {dag.py:3111} INFO - Creating ORM DAG for example_branch_datetime_operator_2
[2024-08-14T12:09:43.942+0000] {logging_mixin.py:188} INFO - [2024-08-14T12:09:43.942+0000] {dag.py:3111} INFO - Creating ORM DAG for example_branch_datetime_operator
[2024-08-14T12:09:43.951+0000] {logging_mixin.py:188} INFO - [2024-08-14T12:09:43.951+0000] {dag.py:3947} INFO - Setting next_dagrun for example_branch_datetime_operator to 2024-08-13 00:00:00+00:00, run_after=2024-08-14 00:00:00+00:00
[2024-08-14T12:09:43.953+0000] {logging_mixin.py:188} INFO - [2024-08-14T12:09:43.953+0000] {dag.py:3947} INFO - Setting next_dagrun for example_branch_datetime_operator_2 to 2024-08-13 00:00:00+00:00, run_after=2024-08-14 00:00:00+00:00
[2024-08-14T12:09:43.954+0000] {logging_mixin.py:188} INFO - [2024-08-14T12:09:43.954+0000] {dag.py:3947} INFO - Setting next_dagrun for example_branch_datetime_operator_3 to 2024-08-13 00:00:00+00:00, run_after=2024-08-14 00:00:00+00:00
[2024-08-14T12:09:43.985+0000] {processor.py:183} INFO - Processing /home/airflow/.local/lib/python3.12/site-packages/airflow/example_dags/example_branch_datetime_operator.py took 0.208 seconds
